<?xml version="1.0" encoding="UTF-8" ?>
<testsuite tests="7" failures="0" name="org.uma.jmetal.problem.multiobjective.dfsp.fatigue.ZhangBoCanonicalProductionProblemTest" time="0.168" errors="0" skipped="0">
  <properties>
[...]
</properties>
  <testcase classname="org.uma.jmetal.problem.multiobjective.dfsp.fatigue.ZhangBoCanonicalProductionProblemTest" name="formalLoaderAcceptsTheIsolatedGoldenCompatibilityBridge" time="0.158"/>
  <testcase classname="org.uma.jmetal.problem.multiobjective.dfsp.fatigue.ZhangBoCanonicalProductionProblemTest" name="nestedAttributeCopyDoesNotShareMutableArrayElements" time="0"/>
  <testcase classname="org.uma.jmetal.problem.multiobjective.dfsp.fatigue.ZhangBoCanonicalProductionProblemTest" name="formalLoaderParsesInstanceAndBothManifestsWithoutLegacyProblem" time="0.005"/>
  <testcase classname="org.uma.jmetal.problem.multiobjective.dfsp.fatigue.ZhangBoCanonicalProductionProblemTest" name="explicitModesUseSevenLegacyObjectiveSlotsAndFatigueTrace" time="0"/>
  <testcase classname="org.uma.jmetal.problem.multiobjective.dfsp.fatigue.ZhangBoCanonicalProductionProblemTest" name="factoriesKeepIndependentInstanceDimensionsInOneJvm" time="0"/>
  <testcase classname="org.uma.jmetal.problem.multiobjective.dfsp.fatigue.ZhangBoCanonicalProductionProblemTest" name="productionProblemRejectsNonP2PermutationSolution" time="0.004"/>
  <testcase classname="org.uma.jmetal.problem.multiobjective.dfsp.fatigue.ZhangBoCanonicalProductionProblemTest" name="factoryIsInstanceBoundAndNonCanonicalIdentitySurvivesEvaluation" time="0.001"/>
</testsuite>